<?xml version="1.0" encoding="UTF-8"?>
<!-- Generated by org.testng.reporters.JUnitReportReporter -->
<testsuite skipped="0" hostname="HP-PC" name="Generic.Open" tests="1" failures="0" timestamp="19 Feb 2021 14:36:16 GMT" time="0.011" errors="0">
  <testcase name="test1" time="0.011" classname="Generic.Open"/>
</testsuite> <!-- Generic.Open -->
